Starting Dynare (version 5.4).
Calling Dynare with arguments: none
Starting preprocessing of the model file ...
Found 5 equation(s).
Evaluating expressions...done
Computing static model derivatives (order 1).
Computing dynamic model derivatives (order 1).
Processing outputs ...
done
Preprocessing completed.





Residuals of the static equations:

Equation number 1 : -0.0010488 : 1
Equation number 2 : -0.36283 : 2
Equation number 3 : -0.36096 : 3
Equation number 4 : -0.58783 : 4
Equation number 5 : 0 : a



STEADY-STATE RESULTS:

c 		 1.01317
i 		 -0.0515763
k 		 3.6373
y 		 1.30943
a 		 0

EIGENVALUES:
         Modulus             Real        Imaginary

            0.95             0.95                0
          0.9765           0.9765                0
           1.034            1.034                0
             Inf              Inf                0


There are 2 eigenvalue(s) larger than 1 in modulus 
for 2 forward-looking variable(s)

The rank condition is verified.


MODEL SUMMARY

  Number of variables:         5
  Number of stochastic shocks: 1
  Number of state variables:   2
  Number of jumpers:           2
  Number of static variables:  2


MATRIX OF COVARIANCE OF EXOGENOUS SHOCKS
Variables           e
e            0.000100

POLICY AND TRANSITION FUNCTIONS
                                   c               i               k               y               a
Constant                    1.013174       -0.051576        3.637302        1.309429               0
k(-1)                       0.462887        0.061616        0.976540        0.360000               0
a(-1)                       0.334554        2.734863        0.068372        0.950000        0.950000
e                           0.352162        2.878803        0.071970        1.000000        1.000000


THEORETICAL MOMENTS
VARIABLE         MEAN  STD. DEV.   VARIANCE
c              1.0132     0.0331     0.0011
i             -0.0516     0.0941     0.0089
k              3.6373     0.0553     0.0031
y              1.3094     0.0460     0.0021
a              0.0000     0.0320     0.0010



MATRIX OF CORRELATIONS
Variables         c       i       k       y       a
c            1.0000  0.7827  0.9680  0.9453  0.7635
i            0.7827  1.0000  0.6013  0.9429  0.9995
k            0.9680  0.6013  1.0000  0.8331  0.5769
y            0.9453  0.9429  0.8331  1.0000  0.9324
a            0.7635  0.9995  0.5769  0.9324  1.0000



COEFFICIENTS OF AUTOCORRELATION
Order          1       2       3       4       5
c         0.9942  0.9877  0.9805  0.9726  0.9642
i         0.9521  0.9065  0.8631  0.8219  0.7826
k         0.9994  0.9977  0.9949  0.9911  0.9865
y         0.9761  0.9528  0.9301  0.9079  0.8863
a         0.9500  0.9025  0.8574  0.8145  0.7738
Total computing time : 0h00m05s
