Starting Dynare (version 5.4).
Calling Dynare with arguments: none
Starting preprocessing of the model file ...
Found 8 equation(s).
Evaluating expressions...done
Computing static model derivatives (order 1).
Computing dynamic model derivatives (order 2).
Processing outputs ...
done
Preprocessing completed.


STEADY-STATE RESULTS:

pi   		 0.850787
y    		 -0.460517
r    		 0.180259
rb   		 0.460517
rdif 		 0.280259
yn   		 -0.460517
ygap 		 0
n    		 -0.460517

EIGENVALUES:
         Modulus             Real        Imaginary

             0.6              0.6                0


There are 0 eigenvalue(s) larger than 1 in modulus 
for 0 forward-looking variable(s)

The rank condition is verified.


MODEL SUMMARY

  Number of variables:         8
  Number of stochastic shocks: 4
  Number of state variables:   1
  Number of jumpers:           0
  Number of static variables:  7


MATRIX OF COVARIANCE OF EXOGENOUS SHOCKS
Variables       theta         z       psi       eps
theta        0.000000  0.000000  0.000000  0.000000
z            0.000000  0.000000  0.000000  0.000000
psi          0.000000  0.000000  0.100000  0.000000
eps          0.000000  0.000000  0.000000  0.100000

POLICY AND TRANSITION FUNCTIONS
                                ygap               y              yn              pi               n               r              rb            rdif
Constant                           0       -0.460517       -0.460517        0.850787       -0.460517        0.180259        0.460517        0.280259
pi(-1)                     -0.240000       -0.240000               0        0.600000       -0.240000        0.120000        0.240000        0.120000
theta                       1.200000        1.200000               0        2.000000        1.200000        0.400000       -0.200000       -0.600000
z                          -0.600000        0.400000        1.000000       -1.000000       -0.600000       -0.200000       -0.400000       -0.200000
psi                        -1.200000       -1.200000               0       -2.000000       -1.200000        0.600000        1.200000        0.600000
eps                        -1.200000       -1.200000               0       -2.000000       -1.200000       -0.400000        1.200000        1.600000


THEORETICAL MOMENTS
VARIABLE         MEAN  STD. DEV.   VARIANCE
ygap           0.0000     0.6000     0.3600
y             -0.4605     0.6000     0.3600
yn            -0.4605     0.0000     0.0000
pi             0.8508     1.1180     1.2500
n             -0.4605     0.6000     0.3600
r              0.1803     0.2646     0.0700
rb             0.4605     0.6000     0.3600
rdif           0.2803     0.5568     0.3100



VARIANCE DECOMPOSITION (in percent)
         theta       z     psi     eps
ygap      0.00    0.00   50.00   50.00
y         0.00    0.00   50.00   50.00
yn        0.00  100.00    0.00    0.00
pi        0.00    0.00   50.00   50.00
n         0.00    0.00   50.00   50.00
r         0.00    0.00   64.29   35.71
rb        0.00    0.00   50.00   50.00
rdif      0.00    0.00   14.52   85.48



MATRIX OF CORRELATIONS
Variables       ygap        y       pi        n        r       rb     rdif
ygap          1.0000   1.0000   0.4472   1.0000  -0.3780  -1.0000  -0.8980
y             1.0000   1.0000   0.4472   1.0000  -0.3780  -1.0000  -0.8980
pi            0.4472   0.4472   1.0000   0.4472   0.1690  -0.4472  -0.5623
n             1.0000   1.0000   0.4472   1.0000  -0.3780  -1.0000  -0.8980
r            -0.3780  -0.3780   0.1690  -0.3780   1.0000   0.3780  -0.0679
rb           -1.0000  -1.0000  -0.4472  -1.0000   0.3780   1.0000   0.8980
rdif         -0.8980  -0.8980  -0.5623  -0.8980  -0.0679   0.8980   1.0000



COEFFICIENTS OF AUTOCORRELATION
Order           1        2        3        4        5
ygap      -0.2000  -0.1200  -0.0720  -0.0432  -0.0259
y         -0.2000  -0.1200  -0.0720  -0.0432  -0.0259
pi         0.6000   0.3600   0.2160   0.1296   0.0778
n         -0.2000  -0.1200  -0.0720  -0.0432  -0.0259
r          0.0857   0.0514   0.0309   0.0185   0.0111
rb        -0.2000  -0.1200  -0.0720  -0.0432  -0.0259
rdif      -0.1355  -0.0813  -0.0488  -0.0293  -0.0176
Total computing time : 0h00m21s
