Starting Dynare (version 5.4).
Calling Dynare with arguments: noclearall
Starting preprocessing of the model file ...
Found 8 equation(s).
Evaluating expressions...done
Computing static model derivatives (order 1).
Computing dynamic model derivatives (order 2).
Processing outputs ...
done
Preprocessing completed.


STEADY-STATE RESULTS:

pi   		 57.2641
y    		 -23.0259
r    		 11.4629
rb   		 23.0259
rdif 		 11.5629
yn   		 -23.0259
ygap 		 0
n    		 -23.0259

EIGENVALUES:
         Modulus             Real        Imaginary

          0.9868           0.9868                0


There are 0 eigenvalue(s) larger than 1 in modulus 
for 0 forward-looking variable(s)

The rank condition is verified.


MODEL SUMMARY

  Number of variables:         8
  Number of stochastic shocks: 4
  Number of state variables:   1
  Number of jumpers:           0
  Number of static variables:  7


MATRIX OF COVARIANCE OF EXOGENOUS SHOCKS
Variables       theta         z       psi       eps
theta        0.000000  0.000000  0.000000  0.000000
z            0.000000  0.000000  0.000000  0.000000
psi          0.000000  0.000000  0.100000  0.000000
eps          0.000000  0.000000  0.000000  0.100000

POLICY AND TRANSITION FUNCTIONS
                                ygap               y              yn              pi               n               r              rb            rdif
Constant                           0      -23.025851      -23.025851       57.264122      -23.025851       11.462925       23.025851       11.562925
pi(-1)                     -0.394737       -0.394737               0        0.986842       -0.394737        0.197368        0.394737        0.197368
theta                       1.973684        1.973684               0        0.065789        1.973684        0.013158       -0.973684       -0.986842
z                          -0.986842        0.013158        1.000000       -0.032895       -0.986842       -0.006579       -0.013158       -0.006579
psi                        -1.973684       -1.973684               0       -0.065789       -1.973684        0.986842        1.973684        0.986842
eps                        -1.973684       -1.973684               0       -0.065789       -1.973684       -0.013158        1.973684        1.986842


THEORETICAL MOMENTS
VARIABLE         MEAN  STD. DEV.   VARIANCE
ygap           0.0000     0.8856     0.7842
y            -23.0259     0.8856     0.7842
yn           -23.0259     0.0000     0.0000
pi            57.2641     0.1820     0.0331
n            -23.0259     0.8856     0.7842
r             11.4629     0.3142     0.0987
rb            23.0259     0.8856     0.7842
rdif          11.5629     0.7024     0.4934



VARIANCE DECOMPOSITION (in percent)
         theta       z     psi     eps
ygap      0.00    0.00   50.00   50.00
y         0.00    0.00   50.00   50.00
yn        0.00  100.00    0.00    0.00
pi        0.00    0.00   50.00   50.00
n         0.00    0.00   50.00   50.00
r         0.00    0.00   99.33    0.67
rb        0.00    0.00   50.00   50.00
rdif      0.00    0.00   19.87   80.13



MATRIX OF CORRELATIONS
Variables       ygap        y       pi        n        r       rb     rdif
ygap          1.0000   1.0000   0.0811   1.0000  -0.7000  -1.0000  -0.9476
y             1.0000   1.0000   0.0811   1.0000  -0.7000  -1.0000  -0.9476
pi            0.0811   0.0811   1.0000   0.0811   0.0008  -0.0811  -0.1026
n             1.0000   1.0000   0.0811   1.0000  -0.7000  -1.0000  -0.9476
r            -0.7000  -0.7000   0.0008  -0.7000   1.0000   0.7000   0.4353
rb           -1.0000  -1.0000  -0.0811  -1.0000   0.7000   1.0000   0.9476
rdif         -0.9476  -0.9476  -0.1026  -0.9476   0.4353   0.9476   1.0000



COEFFICIENTS OF AUTOCORRELATION
Order           1        2        3        4        5
ygap      -0.0066  -0.0065  -0.0064  -0.0063  -0.0062
y         -0.0066  -0.0065  -0.0064  -0.0063  -0.0062
pi         0.9868   0.9739   0.9610   0.9484   0.9359
n         -0.0066  -0.0065  -0.0064  -0.0063  -0.0062
r          0.0001   0.0001   0.0001   0.0001   0.0001
rb        -0.0066  -0.0065  -0.0064  -0.0063  -0.0062
rdif      -0.0052  -0.0052  -0.0051  -0.0050  -0.0050
Total computing time : 0h00m16s
